[0.040s] Invoking command in '/home/ian/RaspberryCore/CoreRaspberry/build/four_way_publisher': /usr/bin/cmake /home/ian/RaspberryCore/CoreRaspberry/ros_ws/four_way_publisher -DCATKIN_INSTALL_INTO_PREFIX_ROOT=0 -DCMAKE_INSTALL_PREFIX=/home/ian/RaspberryCore/CoreRaspberry/install/four_way_publisher
[0.074s] -- The C compiler identification is GNU 11.4.0
[0.112s] -- The CXX compiler identification is GNU 11.4.0
[0.117s] -- Detecting C compiler ABI info
[0.161s] -- Detecting C compiler ABI info - done
[0.167s] -- Check for working C compiler: /usr/bin/cc - skipped
[0.168s] -- Detecting C compile features
[0.168s] -- Detecting C compile features - done
[0.170s] -- Detecting CXX compiler ABI info
[0.223s] -- Detecting CXX compiler ABI info - done
[0.229s] -- Check for working CXX compiler: /usr/bin/c++ - skipped
[0.229s] -- Detecting CXX compile features
[0.229s] -- Detecting CXX compile features - done
[0.230s] -- Found rclpy: 3.3.10 (/opt/ros/humble/share/rclpy/cmake)
[0.231s] -- Found std_msgs: 4.2.3 (/opt/ros/humble/share/std_msgs/cmake)
[0.349s] -- Found Python3: /usr/bin/python3.10 (found version "3.10.12") found components: Interpreter 
[0.432s] -- Found rosidl_generator_c: 3.1.5 (/opt/ros/humble/share/rosidl_generator_c/cmake)
[0.436s] -- Found rosidl_adapter: 3.1.5 (/opt/ros/humble/share/rosidl_adapter/cmake)
[0.441s] -- Found rosidl_generator_cpp: 3.1.5 (/opt/ros/humble/share/rosidl_generator_cpp/cmake)
[0.451s] -- Using all available rosidl_typesupport_c: rosidl_typesupport_fastrtps_c;rosidl_typesupport_introspection_c
[0.465s] -- Using all available rosidl_typesupport_cpp: rosidl_typesupport_fastrtps_cpp;rosidl_typesupport_introspection_cpp
[0.557s] -- Configuring done
[0.560s] [0mCMake Error: Cannot determine link language for target "four_way_publisher".[0m
[0.560s] [0mCMake Error: CMake can not determine linker language for target: four_way_publisher[0m
[0.561s] -- Generating done
[0.561s] [33mCMake Warning:
[0.561s]   Manually-specified variables were not used by the project:
[0.562s] 
[0.562s]     CATKIN_INSTALL_INTO_PREFIX_ROOT
[0.562s] 
[0.562s] [0m
[0.562s] [0mCMake Generate step failed.  Build files cannot be regenerated correctly.[0m
[0.566s] Invoked command in '/home/ian/RaspberryCore/CoreRaspberry/build/four_way_publisher' returned '1': /usr/bin/cmake /home/ian/RaspberryCore/CoreRaspberry/ros_ws/four_way_publisher -DCATKIN_INSTALL_INTO_PREFIX_ROOT=0 -DCMAKE_INSTALL_PREFIX=/home/ian/RaspberryCore/CoreRaspberry/install/four_way_publisher
