[0.074s] Invoking command in '/home/ian/RaspberryCore/CoreRaspberry/build/four_way_light': /usr/bin/cmake /home/ian/RaspberryCore/CoreRaspberry/ros_ws/four_way_light -DCATKIN_INSTALL_INTO_PREFIX_ROOT=0 -DCMAKE_INSTALL_PREFIX=/home/ian/RaspberryCore/CoreRaspberry/install/four_way_light
[0.110s] -- The C compiler identification is GNU 11.4.0
[0.148s] -- The CXX compiler identification is GNU 11.4.0
[0.153s] -- Detecting C compiler ABI info
[0.197s] -- Detecting C compiler ABI info - done
[0.203s] -- Check for working C compiler: /usr/bin/cc - skipped
[0.204s] -- Detecting C compile features
[0.204s] -- Detecting C compile features - done
[0.206s] -- Detecting CXX compiler ABI info
[0.259s] -- Detecting CXX compiler ABI info - done
[0.265s] -- Check for working CXX compiler: /usr/bin/c++ - skipped
[0.265s] -- Detecting CXX compile features
[0.266s] -- Detecting CXX compile features - done
[0.267s] -- Found rclpy: 3.3.10 (/opt/ros/humble/share/rclpy/cmake)
[0.267s] -- Found std_msgs: 4.2.3 (/opt/ros/humble/share/std_msgs/cmake)
[0.386s] -- Found Python3: /usr/bin/python3.10 (found version "3.10.12") found components: Interpreter 
[0.469s] -- Found rosidl_generator_c: 3.1.5 (/opt/ros/humble/share/rosidl_generator_c/cmake)
[0.472s] -- Found rosidl_adapter: 3.1.5 (/opt/ros/humble/share/rosidl_adapter/cmake)
[0.477s] -- Found rosidl_generator_cpp: 3.1.5 (/opt/ros/humble/share/rosidl_generator_cpp/cmake)
[0.487s] -- Using all available rosidl_typesupport_c: rosidl_typesupport_fastrtps_c;rosidl_typesupport_introspection_c
[0.501s] -- Using all available rosidl_typesupport_cpp: rosidl_typesupport_fastrtps_cpp;rosidl_typesupport_introspection_cpp
[0.594s] -- Configuring done
[0.596s] [0mCMake Error: Cannot determine link language for target "four_way_light".[0m
[0.597s] [0mCMake Error: CMake can not determine linker language for target: four_way_light[0m
[0.597s] -- Generating done
[0.598s] [33mCMake Warning:
[0.598s]   Manually-specified variables were not used by the project:
[0.598s] 
[0.598s]     CATKIN_INSTALL_INTO_PREFIX_ROOT
[0.598s] 
[0.598s] [0m
[0.598s] [0mCMake Generate step failed.  Build files cannot be regenerated correctly.[0m
[0.603s] Invoked command in '/home/ian/RaspberryCore/CoreRaspberry/build/four_way_light' returned '1': /usr/bin/cmake /home/ian/RaspberryCore/CoreRaspberry/ros_ws/four_way_light -DCATKIN_INSTALL_INTO_PREFIX_ROOT=0 -DCMAKE_INSTALL_PREFIX=/home/ian/RaspberryCore/CoreRaspberry/install/four_way_light
